<?xml version="1.0" encoding="UTF-8"?>
<!-- Generated by org.testng.reporters.JUnitReportReporter -->
<testsuite skipped="0" hostname="Vinod-Pc" name="yu.TPAIN" tests="1" failures="0" timestamp="23 May 2019 07:01:22 GMT" time="0.016" errors="0">
  <testcase name="disply" time="0.016" classname="yu.TPAIN"/>
</testsuite> <!-- yu.TPAIN -->
