<?xml version="1.0" encoding="UTF-8"?>
<!-- Generated by org.testng.reporters.JUnitReportReporter -->
<testsuite skipped="0" hostname="Vinod-Pc" name="yu.Ty" tests="1" failures="0" timestamp="24 Jun 2019 06:55:58 GMT" time="0.016" errors="0">
  <testcase name="vin" time="0.016" classname="yu.Ty"/>
</testsuite> <!-- yu.Ty -->
