<?xml version="1.0" encoding="UTF-8"?>
<!-- Generated by org.testng.reporters.JUnitReportReporter -->
<testsuite skipped="0" hostname="Vinod-Pc" name="yu.VinMouseOp" tests="1" failures="0" timestamp="13 Jun 2019 12:14:25 GMT" time="3.431" errors="0">
  <testcase name="vinnn" time="3.431" classname="yu.VinMouseOp"/>
</testsuite> <!-- yu.VinMouseOp -->
